Build started 13/12/2022 15:01:33.
     1>Project "E:\LuuDuLieuSinhVien\PhamHoDangHuy_2001215828_KT\PhamHoDangHuy_2001215828_KT\PhamHoDangHuy_2001215828_KT.vcxproj" on node 2 (Build target(s)).
     1>ClCompile:
         C:\Program Files (x86)\Microsoft Visual Studio 12.0\VC\bin\CL.exe /c /ZI /nologo /W3 /WX- /Od /Oy- /D WIN32 /D _DEBUG /D _CONSOLE /D _LIB /D _UNICODE /D UNICODE /Gm /EHsc /RTC1 /MDd /GS /fp:precise /Zc:wchar_t /Zc:forScope /Fo"Debug\\" /Fd"Debug\vc120.pdb" /Gd /TP /analyze- /errorReport:prompt FInal.cpp
         FInal.cpp
     1>e:\luudulieusinhvien\phamhodanghuy_2001215828_kt\phamhodanghuy_2001215828_kt\final.cpp(40): warning C4101: 'dsDinh' : unreferenced local variable
     1>e:\luudulieusinhvien\phamhodanghuy_2001215828_kt\phamhodanghuy_2001215828_kt\final.cpp(53): warning C4996: 'fopen': This function or variable may be unsafe. Consider using fopen_s instead. To disable deprecation, use _CRT_SECURE_NO_WARNINGS. See online help for details.
                 c:\program files (x86)\microsoft visual studio 12.0\vc\include\stdio.h(211) : see declaration of 'fopen'
     1>e:\luudulieusinhvien\phamhodanghuy_2001215828_kt\phamhodanghuy_2001215828_kt\final.cpp(60): warning C4996: 'fscanf': This function or variable may be unsafe. Consider using fscanf_s instead. To disable deprecation, use _CRT_SECURE_NO_WARNINGS. See online help for details.
                 c:\program files (x86)\microsoft visual studio 12.0\vc\include\stdio.h(230) : see declaration of 'fscanf'
     1>e:\luudulieusinhvien\phamhodanghuy_2001215828_kt\phamhodanghuy_2001215828_kt\final.cpp(63): warning C4996: 'fscanf': This function or variable may be unsafe. Consider using fscanf_s instead. To disable deprecation, use _CRT_SECURE_NO_WARNINGS. See online help for details.
                 c:\program files (x86)\microsoft visual studio 12.0\vc\include\stdio.h(230) : see declaration of 'fscanf'
     1>e:\luudulieusinhvien\phamhodanghuy_2001215828_kt\phamhodanghuy_2001215828_kt\final.cpp(138): warning C4996: 'fopen': This function or variable may be unsafe. Consider using fopen_s instead. To disable deprecation, use _CRT_SECURE_NO_WARNINGS. See online help for details.
                 c:\program files (x86)\microsoft visual studio 12.0\vc\include\stdio.h(211) : see declaration of 'fopen'
     1>e:\luudulieusinhvien\phamhodanghuy_2001215828_kt\phamhodanghuy_2001215828_kt\final.cpp(46): warning C4700: uninitialized local variable 'v' used
     1>e:\luudulieusinhvien\phamhodanghuy_2001215828_kt\phamhodanghuy_2001215828_kt\final.cpp(46): warning C4700: uninitialized local variable 'u' used
       Link:
         C:\Program Files (x86)\Microsoft Visual Studio 12.0\VC\bin\link.exe /ERRORREPORT:PROMPT /OUT:"E:\LuuDuLieuSinhVien\PhamHoDangHuy_2001215828_KT\Debug\PhamHoDangHuy_2001215828_KT.exe" /INCREMENTAL /NOLOGO kernel32.lib user32.lib gdi32.lib winspool.lib comdlg32.lib advapi32.lib shell32.lib ole32.lib oleaut32.lib uuid.lib odbc32.lib odbccp32.lib /MANIFEST /MANIFESTUAC:"level='asInvoker' uiAccess='false'" /manifest:embed /DEBUG /PDB:"E:\LuuDuLieuSinhVien\PhamHoDangHuy_2001215828_KT\Debug\PhamHoDangHuy_2001215828_KT.pdb" /SUBSYSTEM:CONSOLE /TLBID:1 /DYNAMICBASE /NXCOMPAT /IMPLIB:"E:\LuuDuLieuSinhVien\PhamHoDangHuy_2001215828_KT\Debug\PhamHoDangHuy_2001215828_KT.lib" /MACHINE:X86 Debug\FInal.obj
         PhamHoDangHuy_2001215828_KT.vcxproj -> E:\LuuDuLieuSinhVien\PhamHoDangHuy_2001215828_KT\Debug\PhamHoDangHuy_2001215828_KT.exe
     1>Done Building Project "E:\LuuDuLieuSinhVien\PhamHoDangHuy_2001215828_KT\PhamHoDangHuy_2001215828_KT\PhamHoDangHuy_2001215828_KT.vcxproj" (Build target(s)).

Build succeeded.

Time Elapsed 00:00:00.45
